<?xml version="1.0" encoding="UTF-8"?>
<!-- Generated by org.testng.reporters.JUnitReportReporter -->
<testsuite hostname="IN-DCY1GK3" failures="0" tests="6" name="test.APITests" time="9.898" errors="0" timestamp="2023-09-10T14:40:43 IST" skipped="0">
  <testcase classname="test.APITests" name="authorizationTokenPost" time="3.157"/>
  <system-out/>
  <testcase classname="test.APITests" name="getTest" time="1.710"/>
  <system-out/>
  <testcase classname="test.APITests" name="createPost" time="1.443"/>
  <system-out/>
  <testcase classname="test.APITests" name="GetPostById" time="1.157"/>
  <system-out/>
  <testcase classname="test.APITests" name="UpdatePost" time="1.263"/>
  <system-out/>
  <testcase classname="test.APITests" name="DeletePost" time="1.168"/>
  <system-out/>
</testsuite> <!-- test.APITests -->
