<?xml version="1.0" encoding="UTF-8"?>
<!-- Generated by org.testng.reporters.JUnitReportReporter -->
<testsuite hostname="IN-DCY1GK3" failures="0" tests="1" name="test.PostTest" time="3.245" errors="0" timestamp="2023-09-10T12:32:29 IST" skipped="0">
  <testcase classname="test.PostTest" name="createPost" time="3.245"/>
  <system-out/>
</testsuite> <!-- test.PostTest -->
