<?xml version="1.0" encoding="UTF-8"?>
<!-- Generated by org.testng.reporters.JUnitReportReporter -->
<testsuite hostname="IN-DCY1GK3" failures="0" tests="2" name="test.APITests" time="4.718" errors="0" timestamp="2023-09-10T12:35:51 IST" skipped="0">
  <testcase classname="test.APITests" name="createPost" time="3.254"/>
  <system-out/>
  <testcase classname="test.APITests" name="getTest" time="1.464"/>
  <system-out/>
</testsuite> <!-- test.APITests -->
