<?xml version="1.0" encoding="UTF-8"?>
<!-- Generated by org.testng.reporters.JUnitReportReporter -->
<testsuite hostname="IN-DCY1GK3" failures="0" tests="6" name="test.ApiTest" time="18.123" errors="0" timestamp="2023-09-11T13:19:04 IST" skipped="0">
  <testcase classname="test.ApiTest" name="AuthorizationTokenPost" time="5.323"/>
  <system-out/>
  <testcase classname="test.ApiTest" name="GetMethodTest" time="2.874"/>
  <system-out/>
  <testcase classname="test.ApiTest" name="PostMethodTest" time="2.783"/>
  <system-out/>
  <testcase classname="test.ApiTest" name="GetPostByIdTest" time="2.353"/>
  <system-out/>
  <testcase classname="test.ApiTest" name="UpdateMethodTest" time="2.434"/>
  <system-out/>
  <testcase classname="test.ApiTest" name="DeleteMethodTest" time="2.356"/>
  <system-out/>
</testsuite> <!-- test.ApiTest -->
