<?xml version="1.0" encoding="UTF-8"?>
<!-- Generated by org.testng.reporters.JUnitReportReporter -->
<testsuite hostname="IN-DCY1GK3" failures="0" tests="6" name="test.ApiTest" time="20.198" errors="0" timestamp="2023-09-10T16:30:50 IST" skipped="0">
  <testcase classname="test.ApiTest" name="AuthorizationTokenPost" time="5.194"/>
  <testcase classname="test.ApiTest" name="GetMethodTest" time="3.134"/>
  <testcase classname="test.ApiTest" name="PostMethodTest" time="3.360"/>
  <testcase classname="test.ApiTest" name="GetPostByIdTest" time="2.553"/>
  <testcase classname="test.ApiTest" name="UpdateMethodTest" time="3.097"/>
  <testcase classname="test.ApiTest" name="DeleteMethodTest" time="2.860"/>
</testsuite> <!-- test.ApiTest -->
